  class.cpp
C:\Users\chimita\source\repos\circle_area\circle_area\class.cpp(6,1): error C2653: 'shape': 클래스 또는 네임스페이스 이름이 아닙니다.
C:\Users\chimita\source\repos\circle_area\circle_area\class.cpp(6,16): error C4430: 형식 지정자가 없습니다. int로 가정합니다. 참고: C++에서는 기본 int를 지원하지 않습니다.
C:\Users\chimita\source\repos\circle_area\circle_area\class.cpp(6,17): warning C4508: 'shape': 함수는 값을 반환해야 하므로 'void' 반환 형식으로 간주됩니다.
C:\Users\chimita\source\repos\circle_area\circle_area\class.cpp(8,1): error C2653: 'shape': 클래스 또는 네임스페이스 이름이 아닙니다.
C:\Users\chimita\source\repos\circle_area\circle_area\class.cpp(9,1): error C4430: 형식 지정자가 없습니다. int로 가정합니다. 참고: C++에서는 기본 int를 지원하지 않습니다.
C:\Users\chimita\source\repos\circle_area\circle_area\class.cpp(10,2): error C2065: 'sum': 선언되지 않은 식별자입니다.
C:\Users\chimita\source\repos\circle_area\circle_area\class.cpp(11,1): warning C4508: 'shape': 함수는 값을 반환해야 하므로 'void' 반환 형식으로 간주됩니다.
C:\Users\chimita\source\repos\circle_area\circle_area\class.cpp(15,1): error C2653: 'shape': 클래스 또는 네임스페이스 이름이 아닙니다.
C:\Users\chimita\source\repos\circle_area\circle_area\class.cpp(16,1): error C4430: 형식 지정자가 없습니다. int로 가정합니다. 참고: C++에서는 기본 int를 지원하지 않습니다.
C:\Users\chimita\source\repos\circle_area\circle_area\class.cpp(20,1): error C2653: 'shape': 클래스 또는 네임스페이스 이름이 아닙니다.
C:\Users\chimita\source\repos\circle_area\circle_area\class.cpp(21,1): error C4430: 형식 지정자가 없습니다. int로 가정합니다. 참고: C++에서는 기본 int를 지원하지 않습니다.
C:\Users\chimita\source\repos\circle_area\circle_area\class.cpp(25,1): error C2653: 'shpae': 클래스 또는 네임스페이스 이름이 아닙니다.
C:\Users\chimita\source\repos\circle_area\circle_area\class.cpp(26,1): error C4430: 형식 지정자가 없습니다. int로 가정합니다. 참고: C++에서는 기본 int를 지원하지 않습니다.
C:\Users\chimita\source\repos\circle_area\circle_area\class.cpp(25,8): error C2084: 'int getB(int)' 함수에 이미 본문이 있습니다.
C:\Users\chimita\source\repos\circle_area\circle_area\class.cpp(20): message : 'getB'의 이전 정의를 참조하십시오.
C:\Users\chimita\source\repos\circle_area\circle_area\class.cpp(32,1): error C2653: 'shape': 클래스 또는 네임스페이스 이름이 아닙니다.
C:\Users\chimita\source\repos\circle_area\circle_area\class.cpp(33,1): error C4430: 형식 지정자가 없습니다. int로 가정합니다. 참고: C++에서는 기본 int를 지원하지 않습니다.
C:\Users\chimita\source\repos\circle_area\circle_area\class.cpp(34,1): warning C4508: 'AreaOval': 함수는 값을 반환해야 하므로 'void' 반환 형식으로 간주됩니다.
C:\Users\chimita\source\repos\circle_area\circle_area\class.cpp(36,1): error C2653: 'shape': 클래스 또는 네임스페이스 이름이 아닙니다.
C:\Users\chimita\source\repos\circle_area\circle_area\class.cpp(37,1): error C4430: 형식 지정자가 없습니다. int로 가정합니다. 참고: C++에서는 기본 int를 지원하지 않습니다.
C:\Users\chimita\source\repos\circle_area\circle_area\class.cpp(38,1): warning C4508: 'setTwo': 함수는 값을 반환해야 하므로 'void' 반환 형식으로 간주됩니다.
  main.cpp
  코드를 생성하고 있습니다...
